<?xml version="1.0" encoding="UTF-8"?>
<!-- Generated by org.testng.reporters.JUnitXMLReporter -->
<testsuite hostname="Bluetie-Tester-Poornima" name="Default test" tests="3" failures="0" timestamp="23 Jan 2020 05:44:52 GMT" time="4.274" errors="0">
  <testcase name="verifyContactsLabelTest" time="2.1" classname="com.qa.crm.tests.ContactsPageTest"/>
  <testcase name="NewContactlinkTest" time="0.122" classname="com.qa.crm.tests.ContactsPageTest"/>
  <testcase name="CreateNewContactTest" time="2.038" classname="com.qa.crm.tests.ContactsPageTest"/>
</testsuite> <!-- Default test -->
