<?xml version="1.0" encoding="UTF-8"?>
<testng-results skipped="4" failed="0" total="5" passed="1">
  <reporter-output>
  </reporter-output>
  <suite name="FreeCrmm test automation suite" duration-ms="47799" started-at="2020-01-23T07:00:30Z" finished-at="2020-01-23T07:01:18Z">
    <groups>
    </groups>
    <test name=" FreeCrmm Regression suite " duration-ms="47799" started-at="2020-01-23T07:00:30Z" finished-at="2020-01-23T07:01:18Z">
      <class name="com.qa.crm.tests.LoginPageTest">
        <test-method status="PASS" signature="setUp()[pri:0, instance:com.qa.crm.tests.LoginPageTest@1f1c7bf6]" name="setUp" is-config="true" duration-ms="17127" started-at="2020-01-23T12:30:30Z" finished-at="2020-01-23T12:30:47Z">
          <reporter-output>
          </reporter-output>
        </test-method> <!-- setUp -->
        <test-method status="PASS" signature="loginPageTitleTest()[pri:0, instance:com.qa.crm.tests.LoginPageTest@1f1c7bf6]" name="loginPageTitleTest" duration-ms="363" started-at="2020-01-23T12:30:47Z" finished-at="2020-01-23T12:30:47Z">
          <reporter-output>
          </reporter-output>
        </test-method> <!-- loginPageTitleTest -->
        <test-method status="PASS" signature="TearDown()[pri:0, instance:com.qa.crm.tests.LoginPageTest@1f1c7bf6]" name="TearDown" is-config="true" duration-ms="797" started-at="2020-01-23T12:30:47Z" finished-at="2020-01-23T12:30:48Z">
          <reporter-output>
          </reporter-output>
        </test-method> <!-- TearDown -->
        <test-method status="FAIL" signature="setUp()[pri:0, instance:com.qa.crm.tests.LoginPageTest@1f1c7bf6]" name="setUp" is-config="true" duration-ms="0" started-at="2020-01-23T12:30:48Z" finished-at="2020-01-23T12:30:48Z">
          <exception class="org.openqa.selenium.TimeoutException">
            <message>
              <![CDATA[timeout
  (Session info: chrome=79.0.3945.117)
Build info: version: '3.141.59', revision: 'e82be7d358', time: '2018-11-14T08:17:03'
System info: host: 'BLUETIE-TESTER-', ip: '10.1.1.48', os.name: 'Windows 10', os.arch: 'amd64', os.version: '10.0', java.version: '1.8.0_141'
Driver info: org.openqa.selenium.chrome.ChromeDriver
Capabilities {acceptInsecureCerts: false, browserName: chrome, browserVersion: 79.0.3945.117, chrome: {chromedriverVersion: 79.0.3945.36 (3582db32b3389..., userDataDir: C:\Users\BLUETI~1\AppData\L...}, goog:chromeOptions: {debuggerAddress: localhost:50537}, javascriptEnabled: true, networkConnectionEnabled: false, pageLoadStrategy: normal, platform: WINDOWS, platformName: WINDOWS, proxy: Proxy(), setWindowRect: true, strictFileInteractability: false, timeouts: {implicit: 0, pageLoad: 300000, script: 30000}, unhandledPromptBehavior: dismiss and notify}
Session ID: 105562d11faedd7801987e7c07fa8003]]>
            </message>
            <full-stacktrace>
              <![CDATA[org.openqa.selenium.TimeoutException: timeout
  (Session info: chrome=79.0.3945.117)
Build info: version: '3.141.59', revision: 'e82be7d358', time: '2018-11-14T08:17:03'
System info: host: 'BLUETIE-TESTER-', ip: '10.1.1.48', os.name: 'Windows 10', os.arch: 'amd64', os.version: '10.0', java.version: '1.8.0_141'
Driver info: org.openqa.selenium.chrome.ChromeDriver
Capabilities {acceptInsecureCerts: false, browserName: chrome, browserVersion: 79.0.3945.117, chrome: {chromedriverVersion: 79.0.3945.36 (3582db32b3389..., userDataDir: C:\Users\BLUETI~1\AppData\L...}, goog:chromeOptions: {debuggerAddress: localhost:50537}, javascriptEnabled: true, networkConnectionEnabled: false, pageLoadStrategy: normal, platform: WINDOWS, platformName: WINDOWS, proxy: Proxy(), setWindowRect: true, strictFileInteractability: false, timeouts: {implicit: 0, pageLoad: 300000, script: 30000}, unhandledPromptBehavior: dismiss and notify}
Session ID: 105562d11faedd7801987e7c07fa8003
	at sun.reflect.NativeConstructorAccessorImpl.newInstance0(Native Method)
	at sun.reflect.NativeConstructorAccessorImpl.newInstance(NativeConstructorAccessorImpl.java:62)
	at sun.reflect.DelegatingConstructorAccessorImpl.newInstance(DelegatingConstructorAccessorImpl.java:45)
	at java.lang.reflect.Constructor.newInstance(Constructor.java:423)
	at org.openqa.selenium.remote.http.W3CHttpResponseCodec.createException(W3CHttpResponseCodec.java:187)
	at org.openqa.selenium.remote.http.W3CHttpResponseCodec.decode(W3CHttpResponseCodec.java:122)
	at org.openqa.selenium.remote.http.W3CHttpResponseCodec.decode(W3CHttpResponseCodec.java:49)
	at org.openqa.selenium.remote.HttpCommandExecutor.execute(HttpCommandExecutor.java:158)
	at org.openqa.selenium.remote.service.DriverCommandExecutor.execute(DriverCommandExecutor.java:83)
	at org.openqa.selenium.remote.RemoteWebDriver.execute(RemoteWebDriver.java:552)
	at org.openqa.selenium.remote.RemoteWebDriver.get(RemoteWebDriver.java:277)
	at sun.reflect.NativeMethodAccessorImpl.invoke0(Native Method)
	at sun.reflect.NativeMethodAccessorImpl.invoke(NativeMethodAccessorImpl.java:62)
	at sun.reflect.DelegatingMethodAccessorImpl.invoke(DelegatingMethodAccessorImpl.java:43)
	at java.lang.reflect.Method.invoke(Method.java:498)
	at org.openqa.selenium.support.events.EventFiringWebDriver.lambda$new$1(EventFiringWebDriver.java:105)
	at com.sun.proxy.$Proxy7.get(Unknown Source)
	at org.openqa.selenium.support.events.EventFiringWebDriver.get(EventFiringWebDriver.java:165)
	at com.qa.crm.base.Testbase.intilization(Testbase.java:67)
	at com.qa.crm.tests.LoginPageTest.setUp(LoginPageTest.java:32)
	at sun.reflect.NativeMethodAccessorImpl.invoke0(Native Method)
	at sun.reflect.NativeMethodAccessorImpl.invoke(NativeMethodAccessorImpl.java:62)
	at sun.reflect.DelegatingMethodAccessorImpl.invoke(DelegatingMethodAccessorImpl.java:43)
	at java.lang.reflect.Method.invoke(Method.java:498)
	at org.testng.internal.MethodInvocationHelper.invokeMethod(MethodInvocationHelper.java:80)
	at org.testng.internal.Invoker.invokeConfigurationMethod(Invoker.java:564)
	at org.testng.internal.Invoker.invokeConfigurations(Invoker.java:213)
	at org.testng.internal.Invoker.invokeMethod(Invoker.java:653)
	at org.testng.internal.Invoker.invokeTestMethod(Invoker.java:901)
	at org.testng.internal.Invoker.invokeTestMethods(Invoker.java:1231)
	at org.testng.internal.TestMethodWorker.invokeTestMethods(TestMethodWorker.java:127)
	at org.testng.internal.TestMethodWorker.run(TestMethodWorker.java:111)
	at org.testng.TestRunner.privateRun(TestRunner.java:767)
	at org.testng.TestRunner.run(TestRunner.java:617)
	at org.testng.SuiteRunner.runTest(SuiteRunner.java:334)
	at org.testng.SuiteRunner.runSequentially(SuiteRunner.java:329)
	at org.testng.SuiteRunner.privateRun(SuiteRunner.java:291)
	at org.testng.SuiteRunner.run(SuiteRunner.java:240)
	at org.testng.SuiteRunnerWorker.runSuite(SuiteRunnerWorker.java:52)
	at org.testng.SuiteRunnerWorker.run(SuiteRunnerWorker.java:86)
	at org.testng.TestNG.runSuitesSequentially(TestNG.java:1198)
	at org.testng.TestNG.runSuitesLocally(TestNG.java:1123)
	at org.testng.TestNG.run(TestNG.java:1031)
	at org.testng.remote.AbstractRemoteTestNG.run(AbstractRemoteTestNG.java:114)
	at org.testng.remote.RemoteTestNG.initAndRun(RemoteTestNG.java:251)
	at org.testng.remote.RemoteTestNG.main(RemoteTestNG.java:77)
]]>
            </full-stacktrace>
          </exception> <!-- org.openqa.selenium.TimeoutException -->
          <reporter-output>
          </reporter-output>
        </test-method> <!-- setUp -->
        <test-method status="SKIP" signature="crmLogoTest()[pri:0, instance:com.qa.crm.tests.LoginPageTest@1f1c7bf6]" name="crmLogoTest" duration-ms="1" started-at="2020-01-23T12:31:18Z" finished-at="2020-01-23T12:31:18Z">
          <reporter-output>
          </reporter-output>
        </test-method> <!-- crmLogoTest -->
        <test-method status="SKIP" signature="TearDown()[pri:0, instance:com.qa.crm.tests.LoginPageTest@1f1c7bf6]" name="TearDown" is-config="true" duration-ms="0" started-at="2020-01-23T12:31:18Z" finished-at="2020-01-23T12:31:18Z">
          <reporter-output>
          </reporter-output>
        </test-method> <!-- TearDown -->
        <test-method status="SKIP" signature="setUp()[pri:0, instance:com.qa.crm.tests.LoginPageTest@1f1c7bf6]" name="setUp" is-config="true" duration-ms="0" started-at="2020-01-23T12:31:18Z" finished-at="2020-01-23T12:31:18Z">
          <reporter-output>
          </reporter-output>
        </test-method> <!-- setUp -->
        <test-method status="SKIP" signature="fLoginbtnTest()[pri:0, instance:com.qa.crm.tests.LoginPageTest@1f1c7bf6]" name="fLoginbtnTest" duration-ms="5" started-at="2020-01-23T12:31:18Z" finished-at="2020-01-23T12:31:18Z">
          <reporter-output>
          </reporter-output>
        </test-method> <!-- fLoginbtnTest -->
        <test-method status="SKIP" signature="TearDown()[pri:0, instance:com.qa.crm.tests.LoginPageTest@1f1c7bf6]" name="TearDown" is-config="true" duration-ms="0" started-at="2020-01-23T12:31:18Z" finished-at="2020-01-23T12:31:18Z">
          <reporter-output>
          </reporter-output>
        </test-method> <!-- TearDown -->
        <test-method status="SKIP" signature="setUp()[pri:0, instance:com.qa.crm.tests.LoginPageTest@1f1c7bf6]" name="setUp" is-config="true" duration-ms="0" started-at="2020-01-23T12:31:18Z" finished-at="2020-01-23T12:31:18Z">
          <reporter-output>
          </reporter-output>
        </test-method> <!-- setUp -->
        <test-method status="SKIP" signature="fLoginclickTest()[pri:0, instance:com.qa.crm.tests.LoginPageTest@1f1c7bf6]" name="fLoginclickTest" duration-ms="1" started-at="2020-01-23T12:31:18Z" finished-at="2020-01-23T12:31:18Z">
          <reporter-output>
          </reporter-output>
        </test-method> <!-- fLoginclickTest -->
        <test-method status="SKIP" signature="TearDown()[pri:0, instance:com.qa.crm.tests.LoginPageTest@1f1c7bf6]" name="TearDown" is-config="true" duration-ms="0" started-at="2020-01-23T12:31:18Z" finished-at="2020-01-23T12:31:18Z">
          <reporter-output>
          </reporter-output>
        </test-method> <!-- TearDown -->
        <test-method status="SKIP" signature="setUp()[pri:0, instance:com.qa.crm.tests.LoginPageTest@1f1c7bf6]" name="setUp" is-config="true" duration-ms="0" started-at="2020-01-23T12:31:18Z" finished-at="2020-01-23T12:31:18Z">
          <reporter-output>
          </reporter-output>
        </test-method> <!-- setUp -->
        <test-method status="SKIP" signature="LoginTest()[pri:0, instance:com.qa.crm.tests.LoginPageTest@1f1c7bf6]" name="LoginTest" duration-ms="2" started-at="2020-01-23T12:31:18Z" finished-at="2020-01-23T12:31:18Z">
          <reporter-output>
          </reporter-output>
        </test-method> <!-- LoginTest -->
        <test-method status="SKIP" signature="TearDown()[pri:0, instance:com.qa.crm.tests.LoginPageTest@1f1c7bf6]" name="TearDown" is-config="true" duration-ms="0" started-at="2020-01-23T12:31:18Z" finished-at="2020-01-23T12:31:18Z">
          <reporter-output>
          </reporter-output>
        </test-method> <!-- TearDown -->
      </class> <!-- com.qa.crm.tests.LoginPageTest -->
    </test> <!--  FreeCrmm Regression suite  -->
  </suite> <!-- FreeCrmm test automation suite -->
</testng-results>
